0 silly argv {
0 silly argv   _: [ 'run' ],
0 silly argv   lernaVersion: '3.22.1',
0 silly argv   '$0': 'C:\\Program Files\\nodejs\\node_modules\\lerna\\cli.js',
0 silly argv   script: 'dev'
0 silly argv }
1 notice cli v3.22.1
2 verbose rootPath D:\revun\source\lerning\fullStack\fcLerning\rvrhw_tasks_fullstack
3 info Executing command in 2 packages: "npm run dev"
4 silly npmRunScript dev [] backend
5 silly getExecOpts D:\revun\source\lerning\fullStack\fcLerning\rvrhw_tasks_fullstack\packages\backend undefined
6 silly npmRunScript dev [] frontend
7 silly getExecOpts D:\revun\source\lerning\fullStack\fcLerning\rvrhw_tasks_fullstack\packages\frontend undefined
8 error MaxBufferError: stdout maxBuffer exceeded
8 error     at PassThrough.<anonymous> (C:\ProgramData\nvm\v14.15.3\node_modules\lerna\node_modules\get-stream\index.js:41:19)
8 error     at PassThrough.emit (events.js:327:22)
8 error     at addChunk (internal/streams/readable.js:309:12)
8 error     at readableAddChunk (internal/streams/readable.js:280:11)
8 error     at PassThrough.Readable.push (internal/streams/readable.js:223:10)
8 error     at PassThrough.Transform.push (internal/streams/transform.js:166:32)
8 error     at PassThrough.afterTransform (internal/streams/transform.js:101:10)
8 error     at PassThrough._transform (internal/streams/passthrough.js:46:3)
8 error     at PassThrough.Transform._read (internal/streams/transform.js:205:10)
